{"logTime": "0626/140925", "correlationVector":"sryp/noZTOAEOOqZsMPWKd.1","action":"SyncServerConnectionManagerRequest", "result":"SYNC_SERVER_OK", "context":{"environment":"Prod_SoutheastAsia_000j", "migrationStage":"NotStarted", "server":"GENERAL0100001I"}}
{"logTime": "0626/140926", "correlationVector":"EdQSGhwnwwOHcffJsHhpB4","action":"SyncServerConnectionManagerRequest", "result":"SYNC_SERVER_OK", "context":{"environment":"", "migrationStage":"", "server":""}}
{"logTime": "0626/140926", "correlationVector":"sryp/noZTOAEOOqZsMPWKd","action":"Initial GetUpdates", "result":"", "context":Reason: NEW_CLIENT. cV=sryp/noZTOAEOOqZsMPWKd}
{"logTime": "0626/140926", "correlationVector":"sryp/noZTOAEOOqZsMPWKd.2","action":"GetUpdates Response", "result":"Success", "context":Received 1 update(s). cV=sryp/noZTOAEOOqZsMPWKd.0;server=GENERAL0100001I;cloudType=Consumer;environment=Prod_SoutheastAsia_000j;migrationStage=NotStarted}
{"logTime": "0626/140926", "correlationVector":"b12BOep4w2pY4dtS5h/Bnh","action":"Initial GetUpdates", "result":"", "context":Reason: NEWLY_SUPPORTED_DATATYPE. cV=b12BOep4w2pY4dtS5h/Bnh}
{"logTime": "0626/140931", "correlationVector":"b12BOep4w2pY4dtS5h/Bnh.1","action":"SyncServerConnectionManagerRequest", "result":"SYNC_SERVER_OK", "context":{"environment":"Prod_SoutheastAsia_000j", "migrationStage":"NotStarted", "server":"GENERAL0100000P"}}
{"logTime": "0626/140931", "correlationVector":"b12BOep4w2pY4dtS5h/Bnh.2","action":"GetUpdates Response", "result":"Success", "context":Received 20 update(s). cV=b12BOep4w2pY4dtS5h/Bnh.0;server=GENERAL0100000P;cloudType=Consumer;environment=Prod_SoutheastAsia_000j;migrationStage=NotStarted}
{"logTime": "0626/140931", "correlationVector":"i0N92pLCsRk0QiMa+7cNBG","action":"Normal GetUpdate request", "result":"", "context":cV=i0N92pLCsRk0QiMa+7cNBG
Nudged types: Device Info, User Consents
Refresh requested types: Device Info, User Consents, Send Tab To Self, Encryption Keys}
{"logTime": "0626/140932", "correlationVector":"i0N92pLCsRk0QiMa+7cNBG.1","action":"SyncServerConnectionManagerRequest", "result":"SYNC_SERVER_OK", "context":{"environment":"Prod_SoutheastAsia_000j", "migrationStage":"NotStarted", "server":"GENERAL0100000A"}}
{"logTime": "0626/140932", "correlationVector":"i0N92pLCsRk0QiMa+7cNBG.2","action":"GetUpdates Response", "result":"Success", "context":Received 0 update(s). cV=i0N92pLCsRk0QiMa+7cNBG.0;server=GENERAL0100000A;cloudType=Consumer;environment=Prod_SoutheastAsia_000j;migrationStage=NotStarted}
{"logTime": "0626/140932", "correlationVector":"o+HfI9u+UUUr3F1OWZIUp0","action":"Commit Request", "result":"", "context":Item count: 2
Contributing types: Device Info, User Consents}
{"logTime": "0626/140933", "correlationVector":"o+HfI9u+UUUr3F1OWZIUp0.1","action":"SyncServerConnectionManagerRequest", "result":"SYNC_SERVER_OK", "context":{"environment":"Prod_SoutheastAsia_000j", "migrationStage":"NotStarted", "server":"GENERAL03000038"}}
{"logTime": "0626/140933", "correlationVector":"o+HfI9u+UUUr3F1OWZIUp0.2","action":"Commit Response", "result":"Success", "context":Result: Success. cV=o+HfI9u+UUUr3F1OWZIUp0.0;server=GENERAL03000038;cloudType=Consumer;environment=Prod_SoutheastAsia_000j;migrationStage=NotStarted}
{"logTime": "0626/140933", "correlationVector":"svvLqtuNqNI6Eu7ic9qkZs","action":"Normal GetUpdate request", "result":"", "context":cV=svvLqtuNqNI6Eu7ic9qkZs
Nudged types: Device Info}
{"logTime": "0626/140933", "correlationVector":"svvLqtuNqNI6Eu7ic9qkZs.1","action":"SyncServerConnectionManagerRequest", "result":"SYNC_SERVER_OK", "context":{"environment":"Prod_SoutheastAsia_000j", "migrationStage":"NotStarted", "server":"GENERAL01000009"}}
{"logTime": "0626/140933", "correlationVector":"svvLqtuNqNI6Eu7ic9qkZs.2","action":"GetUpdates Response", "result":"Success", "context":Received 1 update(s). cV=svvLqtuNqNI6Eu7ic9qkZs.0;server=GENERAL01000009;cloudType=Consumer;environment=Prod_SoutheastAsia_000j;migrationStage=NotStarted}
